Unity Editor version:    2022.3.18f1 (d29bea25151d)
Branch:                  2022.3/release
Build type:              Release
Batch mode:              YES
System name:             Linux
Distro version:          #26~22.04.1-Ubuntu SMP PREEMPT_DYNAMIC Tue Mar 12 10:22:43 UTC 2
Kernel version:          6.5.0-26-generic
Architecture:            x86_64
Available memory:        6857 MB
Using pre-set license
Pro License: YES
Desktop is 1920 x 1080 @ 60 Hz
Initialize udev device monitor.

COMMAND LINE ARGUMENTS:
Unity
-adb2
-batchMode
-noUpm
-name
AssetImportWorker23
-projectPath
/home/mantador/L3/UNITY2/UnityProject
-logFile
Logs/AssetImportWorker23.log
-srvPort
40865
Successfully changed project path to: /home/mantador/L3/UNITY2/UnityProject
/home/mantador/L3/UNITY2/UnityProject
[UnityMemory] Configuration Parameters - Can be set up in boot.config
    "memorysetup-bucket-allocator-granularity=16"
    "memorysetup-bucket-allocator-bucket-count=8"
    "memorysetup-bucket-allocator-block-size=33554432"
    "memorysetup-bucket-allocator-block-count=8"
    "memorysetup-main-allocator-block-size=16777216"
    "memorysetup-thread-allocator-block-size=16777216"
    "memorysetup-gfx-main-allocator-block-size=16777216"
    "memorysetup-gfx-thread-allocator-block-size=16777216"
    "memorysetup-cache-allocator-block-size=4194304"
    "memorysetup-typetree-allocator-block-size=2097152"
    "memorysetup-profiler-bucket-allocator-granularity=16"
    "memorysetup-profiler-bucket-allocator-bucket-count=8"
    "memorysetup-profiler-bucket-allocator-block-size=33554432"
    "memorysetup-profiler-bucket-allocator-block-count=8"
    "memorysetup-profiler-allocator-block-size=16777216"
    "memorysetup-profiler-editor-allocator-block-size=1048576"
    "memorysetup-temp-allocator-size-main=16777216"
    "memorysetup-job-temp-allocator-block-size=2097152"
    "memorysetup-job-temp-allocator-block-size-background=1048576"
    "memorysetup-job-temp-allocator-reduction-small-platforms=262144"
    "memorysetup-allocator-temp-initial-block-size-main=262144"
    "memorysetup-allocator-temp-initial-block-size-worker=262144"
    "memorysetup-temp-allocator-size-background-worker=32768"
    "memorysetup-temp-allocator-size-job-worker=262144"
    "memorysetup-temp-allocator-size-preload-manager=33554432"
    "memorysetup-temp-allocator-size-nav-mesh-worker=65536"
    "memorysetup-temp-allocator-size-audio-worker=65536"
    "memorysetup-temp-allocator-size-cloud-worker=32768"
    "memorysetup-temp-allocator-size-gi-baking-worker=262144"
    "memorysetup-temp-allocator-size-gfx=262144"
Player connection [136255797793728] Host "[IP] 10.204.64.204 [Port] 0 [Flags] 2 [Guid] 1289413221 [EditorId] 1289413221 [Version] 1048832 [Id] LinuxEditor(16,10.204.64.204) [Debug] 1 [PackageName] LinuxEditor [ProjectName] Editor" joined multi-casting on [225.0.0.222:54997]...

Player connection [136255797793728] Host "[IP] 10.204.64.204 [Port] 0 [Flags] 2 [Guid] 1289413221 [EditorId] 1289413221 [Version] 1048832 [Id] LinuxEditor(16,10.204.64.204) [Debug] 1 [PackageName] LinuxEditor [ProjectName] Editor" joined alternative multi-casting on [225.0.0.222:34997]...

[Physics::Module] Initialized MultithreadedJobDispatcher with 7 workers.
Refreshing native plugins compatible for Editor in 7,44 ms, found 1 plugins.
Preloading 0 native plugins for Editor in 0,00 ms.
Initialize engine version: 2022.3.18f1 (d29bea25151d)
[Subsystems] Discovering subsystems at path /home/mantador/Unity/Hub/Editor/2022.3.18f1/Editor/Data/Resources/UnitySubsystems
[Subsystems] Discovering subsystems at path /home/mantador/L3/UNITY2/UnityProject/Assets
GLX Extensions: GLX_ARB_context_flush_control GLX_ARB_create_context GLX_ARB_create_context_no_error GLX_ARB_create_context_profile GLX_ARB_create_context_robustness GLX_ARB_fbconfig_float GLX_ARB_framebuffer_sRGB GLX_ARB_get_proc_address GLX_ARB_multisample GLX_EXT_buffer_age GLX_EXT_create_context_es2_profile GLX_EXT_create_context_es_profile GLX_EXT_fbconfig_packed_float GLX_EXT_framebuffer_sRGB GLX_EXT_no_config_context GLX_EXT_swap_control GLX_EXT_swap_control_tear GLX_EXT_texture_from_pixmap GLX_EXT_visual_info GLX_EXT_visual_rating GLX_MESA_copy_sub_buffer GLX_MESA_gl_interop GLX_MESA_query_renderer GLX_MESA_swap_control GLX_OML_sync_control GLX_SGIS_multisample GLX_SGIX_fbconfig GLX_SGIX_pbuffer GLX_SGIX_visual_select_group GLX_SGI_make_current_read GLX_SGI_video_sync 
Renderer: AMD Radeon Vega 8 Graphics (radeonsi, raven, LLVM 15.0.7, DRM 3.54, 6.5.0-26-generic)
Vendor:   AMD
Version:  4.6 (Core Profile) Mesa 24.0.4 - kisak-mesa PPA
GLES:     0
 GL_AMD_conservative_depth GL_AMD_depth_clamp_separate GL_AMD_draw_buffers_blend GL_AMD_framebuffer_multisample_advanced GL_AMD_gpu_shader_int64 GL_AMD_multi_draw_indirect GL_AMD_performance_monitor GL_AMD_pinned_memory GL_AMD_query_buffer_object GL_AMD_seamless_cubemap_per_texture GL_AMD_shader_stencil_export GL_AMD_shader_trinary_minmax GL_AMD_texture_texture4 GL_AMD_vertex_shader_layer GL_AMD_vertex_shader_viewport_index GL_ANGLE_texture_compression_dxt3 GL_ANGLE_texture_compression_dxt5 GL_ARB_ES2_compatibility GL_ARB_ES3_1_compatibility GL_ARB_ES3_2_compatibility GL_ARB_ES3_compatibility GL_ARB_arrays_of_arrays GL_ARB_base_instance GL_ARB_bindless_texture GL_ARB_blend_func_extended GL_ARB_buffer_storage GL_ARB_clear_buffer_object GL_ARB_clear_texture GL_ARB_clip_control GL_ARB_color_buffer_float GL_ARB_compressed_texture_pixel_storage GL_ARB_compute_shader GL_ARB_compute_variable_group_size GL_ARB_conditional_render_inverted GL_ARB_conservative_depth GL_ARB_copy_buffer GL_ARB_copy_image GL_ARB_cull_dist
ance GL_ARB_debug_output GL_ARB_depth_buffer_float GL_ARB_depth_clamp GL_ARB_derivative_control GL_ARB_direct_state_access GL_ARB_draw_buffers GL_ARB_draw_buffers_blend GL_ARB_draw_elements_base_vertex GL_ARB_draw_indirect GL_ARB_draw_instanced GL_ARB_enhanced_layouts GL_ARB_explicit_attrib_location GL_ARB_explicit_uniform_location GL_ARB_fragment_coord_conventions GL_ARB_fragment_layer_viewport GL_ARB_fragment_shader GL_ARB_framebuffer_no_attachments GL_ARB_framebuffer_object GL_ARB_framebuffer_sRGB GL_ARB_get_program_binary GL_ARB_get_texture_sub_image GL_ARB_gl_spirv GL_ARB_gpu_shader5 GL_ARB_gpu_shader_fp64 GL_ARB_gpu_shader_int64 GL_ARB_half_float_pixel GL_ARB_half_float_vertex GL_ARB_indirect_parameters GL_ARB_instanced_arrays GL_ARB_internalformat_query GL_ARB_internalformat_query2 GL_ARB_invalidate_subdata GL_ARB_map_buffer_alignment GL_ARB_map_buffer_range GL_ARB_multi_bind GL_ARB_multi_draw_indirect GL_ARB_occlusion_query2 GL_ARB_parallel_shader_compile GL_ARB_pipeline_statistics_query GL_ARB_pixel
_buffer_object GL_ARB_point_sprite GL_ARB_polygon_offset_clamp GL_ARB_program_interface_query GL_ARB_provoking_vertex GL_ARB_query_buffer_object GL_ARB_robust_buffer_access_behavior GL_ARB_robustness GL_ARB_sample_shading GL_ARB_sampler_objects GL_ARB_seamless_cube_map GL_ARB_seamless_cubemap_per_texture GL_ARB_separate_shader_objects GL_ARB_shader_atomic_counter_ops GL_ARB_shader_atomic_counters GL_ARB_shader_ballot GL_ARB_shader_bit_encoding GL_ARB_shader_clock GL_ARB_shader_draw_parameters GL_ARB_shader_group_vote GL_ARB_shader_image_load_store GL_ARB_shader_image_size GL_ARB_shader_objects GL_ARB_shader_precision GL_ARB_shader_stencil_export GL_ARB_shader_storage_buffer_object GL_ARB_shader_subroutine GL_ARB_shader_texture_image_samples GL_ARB_shader_texture_lod GL_ARB_shader_viewport_layer_array GL_ARB_shading_language_420pack GL_ARB_shading_language_include GL_ARB_shading_language_packing GL_ARB_sparse_buffer GL_ARB_sparse_texture GL_ARB_sparse_texture2 GL_ARB_sparse_texture_clamp GL_ARB_spirv_extensio
ns GL_ARB_stencil_texturing GL_ARB_sync GL_ARB_tessellation_shader GL_ARB_texture_barrier GL_ARB_texture_border_clamp GL_ARB_texture_buffer_object GL_ARB_texture_buffer_object_rgb32 GL_ARB_texture_buffer_range GL_ARB_texture_compression_bptc GL_ARB_texture_compression_rgtc GL_ARB_texture_cube_map_array GL_ARB_texture_filter_anisotropic GL_ARB_texture_float GL_ARB_texture_gather GL_ARB_texture_mirror_clamp_to_edge GL_ARB_texture_multisample GL_ARB_texture_non_power_of_two GL_ARB_texture_query_levels GL_ARB_texture_query_lod GL_ARB_texture_rectangle GL_ARB_texture_rg GL_ARB_texture_rgb10_a2ui GL_ARB_texture_stencil8 GL_ARB_texture_storage GL_ARB_texture_storage_multisample GL_ARB_texture_swizzle GL_ARB_texture_view GL_ARB_timer_query GL_ARB_transform_feedback2 GL_ARB_transform_feedback3 GL_ARB_transform_feedback_instanced GL_ARB_transform_feedback_overflow_query GL_ARB_uniform_buffer_object GL_ARB_vertex_array_bgra GL_ARB_vertex_array_object GL_ARB_vertex_attrib_64bit GL_ARB_vertex_attrib_binding GL_ARB_vertex
_buffer_object GL_ARB_vertex_shader GL_ARB_vertex_type_10f_11f_11f_rev GL_ARB_vertex_type_2_10_10_10_rev GL_ARB_viewport_array GL_ATI_blend_equation_separate GL_ATI_meminfo GL_ATI_texture_float GL_ATI_texture_mirror_once GL_EXT_EGL_image_storage GL_EXT_EGL_sync GL_EXT_abgr GL_EXT_blend_equation_separate GL_EXT_debug_label GL_EXT_demote_to_helper_invocation GL_EXT_depth_bounds_test GL_EXT_draw_buffers2 GL_EXT_draw_instanced GL_EXT_framebuffer_blit GL_EXT_framebuffer_multisample GL_EXT_framebuffer_multisample_blit_scaled GL_EXT_framebuffer_object GL_EXT_framebuffer_sRGB GL_EXT_memory_object GL_EXT_memory_object_fd GL_EXT_packed_depth_stencil GL_EXT_packed_float GL_EXT_pixel_buffer_object GL_EXT_polygon_offset_clamp GL_EXT_provoking_vertex GL_EXT_semaphore GL_EXT_semaphore_fd GL_EXT_shader_image_load_formatted GL_EXT_shader_image_load_store GL_EXT_shader_integer_mix GL_EXT_shader_samples_identical GL_EXT_texture_array GL_EXT_texture_compression_dxt1 GL_EXT_texture_compression_rgtc GL_EXT_texture_compression_s3t
c GL_EXT_texture_filter_anisotropic GL_EXT_texture_integer GL_EXT_texture_mirror_clamp GL_EXT_texture_sRGB GL_EXT_texture_sRGB_R8 GL_EXT_texture_sRGB_decode GL_EXT_texture_shadow_lod GL_EXT_texture_shared_exponent GL_EXT_texture_snorm GL_EXT_texture_swizzle GL_EXT_timer_query GL_EXT_transform_feedback GL_EXT_vertex_array_bgra GL_EXT_vertex_attrib_64bit GL_EXT_window_rectangles GL_IBM_multimode_draw_arrays GL_INTEL_blackhole_render GL_KHR_blend_equation_advanced GL_KHR_context_flush_control GL_KHR_debug GL_KHR_no_error GL_KHR_parallel_shader_compile GL_KHR_robust_buffer_access_behavior GL_KHR_robustness GL_KHR_texture_compression_astc_ldr GL_KHR_texture_compression_astc_sliced_3d GL_MESA_framebuffer_flip_y GL_MESA_pack_invert GL_MESA_shader_integer_functions GL_MESA_texture_const_bandwidth GL_MESA_texture_signed_rgba GL_NVX_gpu_memory_info GL_NV_alpha_to_coverage_dither_control GL_NV_compute_shader_derivatives GL_NV_conditional_render GL_NV_copy_image GL_NV_depth_clamp GL_NV_packed_depth_stencil GL_NV_shader_
atomic_int64 GL_NV_texture_barrier GL_NV_vdpau_interop GL_OES_EGL_image GL_S3_s3tc
OPENGL LOG: Creating OpenGL 4.6 graphics device ; Context level  <OpenGL 4.5> ; Context handle 11914752
Shader Hidden/ProbeVolume/VoxelizeScene is not supported: GPU does not support conservative rasterization
Initialize mono
Mono path[0] = '/home/mantador/Unity/Hub/Editor/2022.3.18f1/Editor/Data/Managed'
Mono path[1] = '/home/mantador/Unity/Hub/Editor/2022.3.18f1/Editor/Data/MonoBleedingEdge/lib/mono/unityjit-linux'
Mono config path = '/home/mantador/Unity/Hub/Editor/2022.3.18f1/Editor/Data/MonoBleedingEdge/etc'
Using monoOptions --debugger-agent=transport=dt_socket,embedding=1,server=y,suspend=n,address=127.0.0.1:56248
Begin MonoManager ReloadAssembly
Registering precompiled unity dll's ...
Register platform support module: /home/mantador/Unity/Hub/Editor/2022.3.18f1/Editor/Data/PlaybackEngines/WebGLSupport/UnityEditor.WebGL.Extensions.dll
Register platform support module: /home/mantador/Unity/Hub/Editor/2022.3.18f1/Editor/Data/PlaybackEngines/LinuxStandaloneSupport/UnityEditor.LinuxStandalone.Extensions.dll
Registered in 0,018625 seconds.
- Loaded All Assemblies, in  0,588 seconds
Native extension for LinuxStandalone target not found
Native extension for WebGL target not found
Mono: successfully reloaded assembly
- Finished resetting the current domain, in  0,755 seconds
Domain Reload Profiling: 1344ms
	BeginReloadAssembly (151ms)
		ExecutionOrderSort (0ms)
		DisableScriptedObjects (0ms)
		BackupInstance (0ms)
		ReleaseScriptingObjects (0ms)
		CreateAndSetChildDomain (2ms)
	RebuildCommonClasses (60ms)
	RebuildNativeTypeToScriptingClass (14ms)
	initialDomainReloadingComplete (142ms)
	LoadAllAssembliesAndSetupDomain (221ms)
		LoadAssemblies (148ms)
		RebuildTransferFunctionScriptingTraits (0ms)
		AnalyzeDomain (218ms)
			TypeCache.Refresh (214ms)
				TypeCache.ScanAssembly (195ms)
			ScanForSourceGeneratedMonoScriptInfo (1ms)
			ResolveRequiredComponents (1ms)
	FinalizeReload (756ms)
		ReleaseScriptCaches (0ms)
		RebuildScriptCaches (0ms)
		SetupLoadedEditorAssemblies (622ms)
			LogAssemblyErrors (0ms)
			InitializePlatformSupportModulesInManaged (26ms)
			SetLoadedEditorAssemblies (12ms)
			RefreshPlugins (0ms)
			BeforeProcessingInitializeOnLoad (6ms)
			ProcessInitializeOnLoadAttributes (450ms)
			ProcessInitializeOnLoadMethodAttributes (128ms)
			AfterProcessingInitializeOnLoad (0ms)
			EditorAssembliesLoaded (0ms)
		ExecutionOrderSort2 (0ms)
		AwakeInstancesAfterBackupRestoration (0ms)
========================================================================
Worker process is ready to serve import requests
Begin MonoManager ReloadAssembly
- Loaded All Assemblies, in  1,294 seconds
Refreshing native plugins compatible for Editor in 3,46 ms, found 1 plugins.
Native extension for LinuxStandalone target not found
Native extension for WebGL target not found
UpdateMenuTitleForLanguage: 10
[MODES] ModeService[none].Initialize
[MODES] ModeService[none].LoadModes
[MODES] Loading mode Default (0) for mode-current-id-Third Person Controller
Package Manager log level set to [2]
[Package Manager] Server::EnsureServerProcessIsRunning -- launch failed, reason: Unity was launched with the -noUpm command-line argument
[Package Manager] UpmClient::Send -- Unable to send message (not connected to UPM process).
[Package Manager] Cannot connect to Unity Package Manager local server
Mono: successfully reloaded assembly
- Finished resetting the current domain, in  1,977 seconds
Domain Reload Profiling: 3268ms
	BeginReloadAssembly (243ms)
		ExecutionOrderSort (0ms)
		DisableScriptedObjects (15ms)
		BackupInstance (0ms)
		ReleaseScriptingObjects (0ms)
		CreateAndSetChildDomain (39ms)
	RebuildCommonClasses (53ms)
	RebuildNativeTypeToScriptingClass (11ms)
	initialDomainReloadingComplete (94ms)
	LoadAllAssembliesAndSetupDomain (889ms)
		LoadAssemblies (525ms)
		RebuildTransferFunctionScriptingTraits (0ms)
		AnalyzeDomain (483ms)
			TypeCache.Refresh (393ms)
				TypeCache.ScanAssembly (369ms)
			ScanForSourceGeneratedMonoScriptInfo (59ms)
			ResolveRequiredComponents (28ms)
	FinalizeReload (1978ms)
		ReleaseScriptCaches (0ms)
		RebuildScriptCaches (0ms)
		SetupLoadedEditorAssemblies (1554ms)
			LogAssemblyErrors (0ms)
			InitializePlatformSupportModulesInManaged (32ms)
			SetLoadedEditorAssemblies (7ms)
			RefreshPlugins (0ms)
			BeforeProcessingInitializeOnLoad (153ms)
			ProcessInitializeOnLoadAttributes (1273ms)
			ProcessInitializeOnLoadMethodAttributes (81ms)
			AfterProcessingInitializeOnLoad (7ms)
			EditorAssembliesLoaded (0ms)
		ExecutionOrderSort2 (0ms)
		AwakeInstancesAfterBackupRestoration (7ms)
Shader Hidden/ProbeVolume/VoxelizeScene is not supported: GPU does not support conservative rasterization
Launched and connected shader compiler UnityShaderCompiler after 0.06 seconds
Refreshing native plugins compatible for Editor in 8,11 ms, found 1 plugins.
Preloading 0 native plugins for Editor in 0,00 ms.
Unloading 6771 Unused Serialized files (Serialized files now loaded: 0)
Unloading 324 unused Assets / (22,5 MB). Loaded Objects now: 7007.
Memory consumption went from 355,7 MB to 333,2 MB.
Total: 22,081159 ms (FindLiveObjects: 0,833416 ms CreateObjectMapping: 0,442095 ms MarkObjects: 7,677791 ms  DeleteObjects: 13,118916 ms)

AssetImportParameters requested are different than current active one (requested -> active):
  custom:container-demuxer-ogg: 62fdf1f143b41e24485cea50d1cbac27 -> 
  custom:container-muxer-webm: aa71ff27fc2769a1b78a27578f13a17b -> 
  custom:video-decoder-webm-vp8: 9c59270c3fd7afecdb556c50c9e8de78 -> 
  custom:SearchIndexIgnoredProperties: e643bd26f0fe6173181afceb89e7c659 -> 
  custom:AudioImporter_EditorPlatform: 2f0ff77a95e0ac474e3e8eeba4e2f7cb -> 
  custom:audio-decoder-ogg-vorbis: bf7c407c2cedff20999df2af8eb42d56 -> 
  custom:audio-encoder-webm-vorbis: bf7c407c2cedff20999df2af8eb42d56 -> 
  custom:video-decoder-ogg-theora: a1e56fd34408186e4bbccfd4996cb3dc -> 
  custom:CustomObjectIndexerAttribute: efbeaf2078ee4010e9a0b7bd6667f9dd -> 
  custom:container-demuxer-webm: 4f35f7cbe854078d1ac9338744f61a02 -> 
  custom:video-encoder-webm-vp8: eb34c28f22e8b96e1ab97ce403110664 -> 
========================================================================
Received Import Request.
  Time since last request: 476,850766 seconds.
  path: Assets/UnityTechnologies/ParticlePack/EffectExamples/Misc Effects/Animations/@EllenIdle.fbx
  artifactKey: Guid(73e3d6d0fdcfc1d4483701317ca34665) Importer(815301076,1909f56bfc062723c751e8b465ee728b)
Start importing Assets/UnityTechnologies/ParticlePack/EffectExamples/Misc Effects/Animations/@EllenIdle.fbx using Guid(73e3d6d0fdcfc1d4483701317ca34665) Importer(815301076,1909f56bfc062723c751e8b465ee728b)  -> (artifact id: '3c8db53bf0dc98eb6c4df7f186e33794') in 0,274039 seconds
Number of updated asset objects reloaded before import = 0
Number of asset objects unloaded after import = 225
========================================================================
Received Import Request.
  Time since last request: 0,000058 seconds.
  path: Assets/UnityTechnologies/ParticlePack/Shared/Environment/Models/CornerWall.fbx
  artifactKey: Guid(29175e748bfc77b4194c165e0258b930) Importer(815301076,1909f56bfc062723c751e8b465ee728b)
Start importing Assets/UnityTechnologies/ParticlePack/Shared/Environment/Models/CornerWall.fbx using Guid(29175e748bfc77b4194c165e0258b930) Importer(815301076,1909f56bfc062723c751e8b465ee728b)  -> (artifact id: '5f02c875772df56bfbd5928938ba6b1d') in 0,135029 seconds
Number of updated asset objects reloaded before import = 0
Number of asset objects unloaded after import = 25
========================================================================
Received Import Request.
  Time since last request: 0,000065 seconds.
  path: Assets/UnityTechnologies/ParticlePack/EffectExamples/Misc Effects/Models/Candle.fbx
  artifactKey: Guid(47422950376b0d8458d22d6185bcdcb3) Importer(815301076,1909f56bfc062723c751e8b465ee728b)
Start importing Assets/UnityTechnologies/ParticlePack/EffectExamples/Misc Effects/Models/Candle.fbx using Guid(47422950376b0d8458d22d6185bcdcb3) Importer(815301076,1909f56bfc062723c751e8b465ee728b)  -> (artifact id: '78a8110fbff53d59c9237ba27355ffec') in 0,014004 seconds
Number of updated asset objects reloaded before import = 0
Number of asset objects unloaded after import = 7
========================================================================
Received Import Request.
  Time since last request: 0,000024 seconds.
  path: Assets/Male/Animations/Strafe/m@RapidStrafeRightRunBackwards.fbx
  artifactKey: Guid(9ef2658cbe12b41ddae7c53512e49809) Importer(815301076,1909f56bfc062723c751e8b465ee728b)
Start importing Assets/Male/Animations/Strafe/m@RapidStrafeRightRunBackwards.fbx using Guid(9ef2658cbe12b41ddae7c53512e49809) Importer(815301076,1909f56bfc062723c751e8b465ee728b)  -> (artifact id: 'a03942577eb584755528e6eb7448fdde') in 0,007550 seconds
Number of updated asset objects reloaded before import = 0
Number of asset objects unloaded after import = 143
========================================================================
Received Import Request.
  Time since last request: 0,000029 seconds.
  path: Assets/UnityTechnologies/ParticlePack/EffectExamples/Misc Effects/Models/Ellen.fbx
  artifactKey: Guid(b1d76b05add46f44292ade654065b4c7) Importer(815301076,1909f56bfc062723c751e8b465ee728b)
Start importing Assets/UnityTechnologies/ParticlePack/EffectExamples/Misc Effects/Models/Ellen.fbx using Guid(b1d76b05add46f44292ade654065b4c7) Importer(815301076,1909f56bfc062723c751e8b465ee728b)  -> (artifact id: 'eb8c6bd45159a56aa5e12319494a923f') in 0,037705 seconds
Number of updated asset objects reloaded before import = 0
Number of asset objects unloaded after import = 225
========================================================================
Received Import Request.
  Time since last request: 0,000044 seconds.
  path: Assets/Male/Animations/Strafe/Turning/RapidTurnRight/m@RapidStrafeRightRapidTurnRightRunForward.fbx
  artifactKey: Guid(2d1702653990b8a4bb8f8abbc439e57c) Importer(815301076,1909f56bfc062723c751e8b465ee728b)
Start importing Assets/Male/Animations/Strafe/Turning/RapidTurnRight/m@RapidStrafeRightRapidTurnRightRunForward.fbx using Guid(2d1702653990b8a4bb8f8abbc439e57c) Importer(815301076,1909f56bfc062723c751e8b465ee728b)  -> (artifact id: '59afb5a28d1fe8bb49de6196b0ead6a3') in 0,006315 seconds
Number of updated asset objects reloaded before import = 0
Number of asset objects unloaded after import = 143
========================================================================
Received Import Request.
  Time since last request: 0,000034 seconds.
  path: Assets/Male/Animations/Exploration/Turning/m@RapidTurningLeft.fbx
  artifactKey: Guid(a7046a107b3b39a4ab9d86ab609a80d3) Importer(815301076,1909f56bfc062723c751e8b465ee728b)
Start importing Assets/Male/Animations/Exploration/Turning/m@RapidTurningLeft.fbx using Guid(a7046a107b3b39a4ab9d86ab609a80d3) Importer(815301076,1909f56bfc062723c751e8b465ee728b)  -> (artifact id: '2eb07edf0dcfc376d0719dc0ad654729') in 0,007425 seconds
Number of updated asset objects reloaded before import = 0
Number of asset objects unloaded after import = 144
========================================================================
Received Import Request.
  Time since last request: 0,000031 seconds.
  path: Assets/Male/Animations/Exploration/m@SprintForwards.fbx
  artifactKey: Guid(f5929a78ddc0f40518df247d645a7747) Importer(815301076,1909f56bfc062723c751e8b465ee728b)
Start importing Assets/Male/Animations/Exploration/m@SprintForwards.fbx using Guid(f5929a78ddc0f40518df247d645a7747) Importer(815301076,1909f56bfc062723c751e8b465ee728b)  -> (artifact id: '0c2d7f5923b982c911562f06562102a9') in 0,006174 seconds
Number of updated asset objects reloaded before import = 0
Number of asset objects unloaded after import = 143
========================================================================
Received Import Request.
  Time since last request: 0,000038 seconds.
  path: Assets/Male/Animations/Strafe/Turning/TurnRight/m@RapidStrafeRightTurnRightWalkForward.fbx
  artifactKey: Guid(ebb8d7214cb3148f4b2d3a66ea3fc7c3) Importer(815301076,1909f56bfc062723c751e8b465ee728b)
Start importing Assets/Male/Animations/Strafe/Turning/TurnRight/m@RapidStrafeRightTurnRightWalkForward.fbx using Guid(ebb8d7214cb3148f4b2d3a66ea3fc7c3) Importer(815301076,1909f56bfc062723c751e8b465ee728b)  -> (artifact id: 'b341be3f66846c2c01a9800207471640') in 0,007226 seconds
Number of updated asset objects reloaded before import = 0
Number of asset objects unloaded after import = 143
========================================================================
Received Import Request.
  Time since last request: 0,000031 seconds.
  path: Assets/Male/Animations/Strafe/Turning/RapidTurnRight/m@RapidStrafeForwardsRapidTurnRight.fbx
  artifactKey: Guid(ef9daf9d97bc94146bbe2a462b106633) Importer(815301076,1909f56bfc062723c751e8b465ee728b)
Start importing Assets/Male/Animations/Strafe/Turning/RapidTurnRight/m@RapidStrafeForwardsRapidTurnRight.fbx using Guid(ef9daf9d97bc94146bbe2a462b106633) Importer(815301076,1909f56bfc062723c751e8b465ee728b)  -> (artifact id: '5b12a8dc4c5f7c80c865ff3e8f0baef7') in 0,006295 seconds
Number of updated asset objects reloaded before import = 0
Number of asset objects unloaded after import = 143
========================================================================
Received Import Request.
  Time since last request: 0,000033 seconds.
  path: Assets/UnityTechnologies/ParticlePack/Shared/Environment/Models/AreaLine.fbx
  artifactKey: Guid(534f375dff9795c4baa527015ef28ddb) Importer(815301076,1909f56bfc062723c751e8b465ee728b)
Start importing Assets/UnityTechnologies/ParticlePack/Shared/Environment/Models/AreaLine.fbx using Guid(534f375dff9795c4baa527015ef28ddb) Importer(815301076,1909f56bfc062723c751e8b465ee728b)  -> (artifact id: '4a17b33510c58535cd2f624a32844f9e') in 0,438479 seconds
Number of updated asset objects reloaded before import = 0
Number of asset objects unloaded after import = 10
========================================================================
Received Import Request.
  Time since last request: 0,000048 seconds.
  path: Assets/Male/Animations/Strafe/Turning/RapidTurnLeft/m@RapidStrafeRightRapidTurnLeftRunBackwards.fbx
  artifactKey: Guid(de9c5d3b2a4b1fa4ebd7d9edb4538c70) Importer(815301076,1909f56bfc062723c751e8b465ee728b)
Start importing Assets/Male/Animations/Strafe/Turning/RapidTurnLeft/m@RapidStrafeRightRapidTurnLeftRunBackwards.fbx using Guid(de9c5d3b2a4b1fa4ebd7d9edb4538c70) Importer(815301076,1909f56bfc062723c751e8b465ee728b)  -> (artifact id: 'db71b236a383b286734def3b04369a3d') in 0,005952 seconds
Number of updated asset objects reloaded before import = 0
Number of asset objects unloaded after import = 143
========================================================================
Received Import Request.
  Time since last request: 0,000051 seconds.
  path: Assets/Male/Animations/Exploration/Turning/m@RapidTurningLeftRunForward.fbx
  artifactKey: Guid(f42864c4d2622594a8b5f0d9264a91ee) Importer(815301076,1909f56bfc062723c751e8b465ee728b)
Start importing Assets/Male/Animations/Exploration/Turning/m@RapidTurningLeftRunForward.fbx using Guid(f42864c4d2622594a8b5f0d9264a91ee) Importer(815301076,1909f56bfc062723c751e8b465ee728b)  -> (artifact id: '17d60fa331733b1a379d8b1fbb1af649') in 0,008137 seconds
Number of updated asset objects reloaded before import = 0
Number of asset objects unloaded after import = 144
========================================================================
Received Import Request.
  Time since last request: 0,000029 seconds.
  path: Assets/Male/Animations/Strafe/m@RapidStrafeRightRunForward.fbx
  artifactKey: Guid(f8784e24fe7ef4380b326dd1ffd645de) Importer(815301076,1909f56bfc062723c751e8b465ee728b)
Start importing Assets/Male/Animations/Strafe/m@RapidStrafeRightRunForward.fbx using Guid(f8784e24fe7ef4380b326dd1ffd645de) Importer(815301076,1909f56bfc062723c751e8b465ee728b)  -> (artifact id: '628826cf54d6a15c9ef67b9102a298cc') in 0,005875 seconds
Number of updated asset objects reloaded before import = 0
Number of asset objects unloaded after import = 143
========================================================================
Received Import Request.
  Time since last request: 0,000030 seconds.
  path: Assets/BigRookGames/_AssetPacks/Stylized Weapon Pack/Stylized Rocket Launcher/Models/Debris2.fbx
  artifactKey: Guid(818da29c720ea654d985584595cac5ae) Importer(815301076,1909f56bfc062723c751e8b465ee728b)
Start importing Assets/BigRookGames/_AssetPacks/Stylized Weapon Pack/Stylized Rocket Launcher/Models/Debris2.fbx using Guid(818da29c720ea654d985584595cac5ae) Importer(815301076,1909f56bfc062723c751e8b465ee728b)  -> (artifact id: '4b780e06619629e59406256b500aecf2') in 0,061091 seconds
Number of updated asset objects reloaded before import = 0
Number of asset objects unloaded after import = 8
========================================================================
Received Import Request.
  Time since last request: 0,000034 seconds.
  path: Assets/Male/Animations/Strafe/Turning/RapidTurnLeft/m@RapidStrafeRightRapidTurnLeftRunForward.fbx
  artifactKey: Guid(abe59bb881557c140a1ab2de44c90b7a) Importer(815301076,1909f56bfc062723c751e8b465ee728b)
Start importing Assets/Male/Animations/Strafe/Turning/RapidTurnLeft/m@RapidStrafeRightRapidTurnLeftRunForward.fbx using Guid(abe59bb881557c140a1ab2de44c90b7a) Importer(815301076,1909f56bfc062723c751e8b465ee728b)  -> (artifact id: 'd9bce0c2c8e541e0c7ce74caca273e9c') in 0,006152 seconds
Number of updated asset objects reloaded before import = 0
Number of asset objects unloaded after import = 143
========================================================================
Received Import Request.
  Time since last request: 0,000022 seconds.
  path: Assets/BigRookGames/_AssetPacks/Stylized Weapon Pack/Stylized Rocket Launcher/Models/CometMuzzle.FBX
  artifactKey: Guid(afa71343d9c04b54097871198c4ab40b) Importer(815301076,1909f56bfc062723c751e8b465ee728b)
Start importing Assets/BigRookGames/_AssetPacks/Stylized Weapon Pack/Stylized Rocket Launcher/Models/CometMuzzle.FBX using Guid(afa71343d9c04b54097871198c4ab40b) Importer(815301076,1909f56bfc062723c751e8b465ee728b)  -> (artifact id: '2ef66b3c6a5f1177f129531ec28fd664') in 0,021072 seconds
Number of updated asset objects reloaded before import = 0
Number of asset objects unloaded after import = 9
========================================================================
Received Import Request.
  Time since last request: 0,000029 seconds.
  path: Assets/Male/Animations/Strafe/Turning/TurnLeft/m@RapidStrafeForwardsTurnLeft.fbx
  artifactKey: Guid(745b09a2ccfe8594c83d3af61934d84e) Importer(815301076,1909f56bfc062723c751e8b465ee728b)
Start importing Assets/Male/Animations/Strafe/Turning/TurnLeft/m@RapidStrafeForwardsTurnLeft.fbx using Guid(745b09a2ccfe8594c83d3af61934d84e) Importer(815301076,1909f56bfc062723c751e8b465ee728b)  -> (artifact id: '1676cba9ca3aa58bbc1a8a522f89b2e5') in 0,005496 seconds
Number of updated asset objects reloaded before import = 0
Number of asset objects unloaded after import = 143
========================================================================
Received Import Request.
  Time since last request: 0,000020 seconds.
  path: Assets/Male/Animations/Exploration/Turning/m@RapidTurningLeftWalkForward.fbx
  artifactKey: Guid(4ca0e826467c5f6499e37fee92149c51) Importer(815301076,1909f56bfc062723c751e8b465ee728b)
Start importing Assets/Male/Animations/Exploration/Turning/m@RapidTurningLeftWalkForward.fbx using Guid(4ca0e826467c5f6499e37fee92149c51) Importer(815301076,1909f56bfc062723c751e8b465ee728b)  -> (artifact id: '053229be827b9f2efb6f5d300430cfdb') in 0,006887 seconds
Number of updated asset objects reloaded before import = 0
Number of asset objects unloaded after import = 144
========================================================================
Received Import Request.
  Time since last request: 0,000023 seconds.
  path: Assets/Male/Animations/Aerial/Jump/IdleJump/m@StandingJump_Frame01.fbx
  artifactKey: Guid(ccda7fde4e0f94ab2b955bdf24adbc56) Importer(815301076,1909f56bfc062723c751e8b465ee728b)
Start importing Assets/Male/Animations/Aerial/Jump/IdleJump/m@StandingJump_Frame01.fbx using Guid(ccda7fde4e0f94ab2b955bdf24adbc56) Importer(815301076,1909f56bfc062723c751e8b465ee728b)  -> (artifact id: 'b5f785aff379d7269ca8a9862796f905') in 0,006281 seconds
Number of updated asset objects reloaded before import = 0
Number of asset objects unloaded after import = 144
========================================================================
Received Import Request.
  Time since last request: 0,000022 seconds.
  path: Assets/Male/Animations/Strafe/Turning/TurnRight/m@RapidStrafeRightTurnRightWalkBackwards.fbx
  artifactKey: Guid(05192829d974343cfa626ae857df0c38) Importer(815301076,1909f56bfc062723c751e8b465ee728b)
Start importing Assets/Male/Animations/Strafe/Turning/TurnRight/m@RapidStrafeRightTurnRightWalkBackwards.fbx using Guid(05192829d974343cfa626ae857df0c38) Importer(815301076,1909f56bfc062723c751e8b465ee728b)  -> (artifact id: 'aa6c73dc1db314870f5bca5cd03c2862') in 0,005942 seconds
Number of updated asset objects reloaded before import = 0
Number of asset objects unloaded after import = 143
========================================================================
Received Import Request.
  Time since last request: 0,000025 seconds.
  path: Assets/Male/Animations/Strafe/Turning/RapidTurnLeft/m@RapidStrafeRightRapidTurnLeft.fbx
  artifactKey: Guid(53437e657b1d03041864b7399295663c) Importer(815301076,1909f56bfc062723c751e8b465ee728b)
Start importing Assets/Male/Animations/Strafe/Turning/RapidTurnLeft/m@RapidStrafeRightRapidTurnLeft.fbx using Guid(53437e657b1d03041864b7399295663c) Importer(815301076,1909f56bfc062723c751e8b465ee728b)  -> (artifact id: 'b65c3244c0f4c3e301346d22b325c083') in 0,006008 seconds
Number of updated asset objects reloaded before import = 0
Number of asset objects unloaded after import = 143
========================================================================
Received Import Request.
  Time since last request: 0,000025 seconds.
  path: Assets/Male/Animations/Aerial/Jump/RunningJump/m@RunForwardsJump_Frame01.fbx
  artifactKey: Guid(8c093e122a327463595440bb261f3bc9) Importer(815301076,1909f56bfc062723c751e8b465ee728b)
Start importing Assets/Male/Animations/Aerial/Jump/RunningJump/m@RunForwardsJump_Frame01.fbx using Guid(8c093e122a327463595440bb261f3bc9) Importer(815301076,1909f56bfc062723c751e8b465ee728b)  -> (artifact id: '44e309b857afbaed25c33031174129ee') in 0,006500 seconds
Number of updated asset objects reloaded before import = 0
Number of asset objects unloaded after import = 144
========================================================================
Received Import Request.
  Time since last request: 0,000022 seconds.
  path: Assets/Male/Animations/Aerial/Jump/SprintingJump/m@SprintForwardsJump_Frame01.fbx
  artifactKey: Guid(be3e601dc676c444f847ab738d27d7d3) Importer(815301076,1909f56bfc062723c751e8b465ee728b)
Start importing Assets/Male/Animations/Aerial/Jump/SprintingJump/m@SprintForwardsJump_Frame01.fbx using Guid(be3e601dc676c444f847ab738d27d7d3) Importer(815301076,1909f56bfc062723c751e8b465ee728b)  -> (artifact id: 'f010f3136c2efd7f00e950a8dcca7e4a') in 0,007245 seconds
Number of updated asset objects reloaded before import = 0
Number of asset objects unloaded after import = 144
========================================================================
Received Import Request.
  Time since last request: 0,000021 seconds.
  path: Assets/Male/Animations/Aerial/Jump/IdleJump/m@StandingJump_Frame03.fbx
  artifactKey: Guid(4411a11368cfc4d1e8fc6d5f58fb800f) Importer(815301076,1909f56bfc062723c751e8b465ee728b)
Start importing Assets/Male/Animations/Aerial/Jump/IdleJump/m@StandingJump_Frame03.fbx using Guid(4411a11368cfc4d1e8fc6d5f58fb800f) Importer(815301076,1909f56bfc062723c751e8b465ee728b)  -> (artifact id: '41536b95defe8ee8c98792b60a195485') in 0,005810 seconds
Number of updated asset objects reloaded before import = 0
Number of asset objects unloaded after import = 144
========================================================================
Received Import Request.
  Time since last request: 0,000022 seconds.
  path: Assets/Male/Animations/Strafe/Turning/TurnLeft/m@RapidStrafeRightTurnLeftRunForwards.fbx
  artifactKey: Guid(e74dec57947bc00479f6f4ffa612cc5a) Importer(815301076,1909f56bfc062723c751e8b465ee728b)
Start importing Assets/Male/Animations/Strafe/Turning/TurnLeft/m@RapidStrafeRightTurnLeftRunForwards.fbx using Guid(e74dec57947bc00479f6f4ffa612cc5a) Importer(815301076,1909f56bfc062723c751e8b465ee728b)  -> (artifact id: '03fbdafe498f830cd5b2cf18931605a4') in 0,006906 seconds
Number of updated asset objects reloaded before import = 0
Number of asset objects unloaded after import = 143
========================================================================
Received Import Request.
  Time since last request: 0,000038 seconds.
  path: Assets/UnityTechnologies/ParticlePack/EffectExamples/Water Effects/Models/DropSplash.fbx
  artifactKey: Guid(e6c27adf3e47c024da4e786f5898c785) Importer(815301076,1909f56bfc062723c751e8b465ee728b)
Start importing Assets/UnityTechnologies/ParticlePack/EffectExamples/Water Effects/Models/DropSplash.fbx using Guid(e6c27adf3e47c024da4e786f5898c785) Importer(815301076,1909f56bfc062723c751e8b465ee728b)  -> (artifact id: 'badb55cd1f1d1078d9df217f7369dc04') in 0,012354 seconds
Number of updated asset objects reloaded before import = 0
Number of asset objects unloaded after import = 7
========================================================================
Received Import Request.
  Time since last request: 0,000179 seconds.
  path: Assets/BigRookGames/_AssetPacks/Stylized Weapon Pack/Stylized Rocket Launcher/Models/Debris.fbx
  artifactKey: Guid(4b7cbcc94f1f0d9488569a06bde33ccd) Importer(815301076,1909f56bfc062723c751e8b465ee728b)
Start importing Assets/BigRookGames/_AssetPacks/Stylized Weapon Pack/Stylized Rocket Launcher/Models/Debris.fbx using Guid(4b7cbcc94f1f0d9488569a06bde33ccd) Importer(815301076,1909f56bfc062723c751e8b465ee728b)  -> (artifact id: 'ab6ba1c544a4743114ba2dd09402d0e1') in 0,019663 seconds
Number of updated asset objects reloaded before import = 0
Number of asset objects unloaded after import = 8
========================================================================
Received Import Request.
  Time since last request: 0,000030 seconds.
  path: Packages/com.unity.render-pipelines.high-definition/Runtime/RenderPipelineResources/Mesh/Cylinder.fbx
  artifactKey: Guid(accb6d90f0d50fe4ca0f68159b4323de) Importer(815301076,1909f56bfc062723c751e8b465ee728b)
Start importing Packages/com.unity.render-pipelines.high-definition/Runtime/RenderPipelineResources/Mesh/Cylinder.fbx using Guid(accb6d90f0d50fe4ca0f68159b4323de) Importer(815301076,1909f56bfc062723c751e8b465ee728b)  -> (artifact id: '60e90c8f227c184a7f3de6321097d77a') in 0,054043 seconds
Number of updated asset objects reloaded before import = 0
Number of asset objects unloaded after import = 8
========================================================================
Received Import Request.
  Time since last request: 0,000030 seconds.
  path: Assets/Male/Animations/Strafe/m@RapidStrafeForwards.fbx
  artifactKey: Guid(6edf1dc8721fc4ff7ad920aece8abf67) Importer(815301076,1909f56bfc062723c751e8b465ee728b)
Start importing Assets/Male/Animations/Strafe/m@RapidStrafeForwards.fbx using Guid(6edf1dc8721fc4ff7ad920aece8abf67) Importer(815301076,1909f56bfc062723c751e8b465ee728b)  -> (artifact id: '589247474f2a7f85e6928ec6e82f7e76') in 0,006239 seconds
Number of updated asset objects reloaded before import = 0
Number of asset objects unloaded after import = 143
========================================================================
Received Import Request.
  Time since last request: 0,000049 seconds.
  path: Assets/PolygonStarter/Models/Characters.fbx
  artifactKey: Guid(2dc7b382d25903545b405802eb2198ab) Importer(815301076,1909f56bfc062723c751e8b465ee728b)
Start importing Assets/PolygonStarter/Models/Characters.fbx using Guid(2dc7b382d25903545b405802eb2198ab) Importer(815301076,1909f56bfc062723c751e8b465ee728b)  -> (artifact id: '4f85ac7829b3d1838ce5ffd5b80216c4') in 0,052916 seconds
Number of updated asset objects reloaded before import = 0
Number of asset objects unloaded after import = 123
========================================================================
Received Import Request.
  Time since last request: 0,000026 seconds.
  path: Assets/Male/Animations/Exploration/m@Idle.fbx
  artifactKey: Guid(77ebce5437875674da8b297c3eed5d1a) Importer(815301076,1909f56bfc062723c751e8b465ee728b)
Start importing Assets/Male/Animations/Exploration/m@Idle.fbx using Guid(77ebce5437875674da8b297c3eed5d1a) Importer(815301076,1909f56bfc062723c751e8b465ee728b)  -> (artifact id: '80aac01c0850261d8d21a3f8976e77a0') in 0,006928 seconds
Number of updated asset objects reloaded before import = 0
Number of asset objects unloaded after import = 143
========================================================================
Received Import Request.
  Time since last request: 0,000024 seconds.
  path: Assets/Male/Animations/Strafe/Turning/RapidTurnLeft/m@RapidStrafeForwardsRapidTurnLeft.fbx
  artifactKey: Guid(36caba08c6c75ea4390f34a48ad72ece) Importer(815301076,1909f56bfc062723c751e8b465ee728b)
Start importing Assets/Male/Animations/Strafe/Turning/RapidTurnLeft/m@RapidStrafeForwardsRapidTurnLeft.fbx using Guid(36caba08c6c75ea4390f34a48ad72ece) Importer(815301076,1909f56bfc062723c751e8b465ee728b)  -> (artifact id: '0ec4f8e4c22259b2f55ccaa3a3d4e9f6') in 0,006721 seconds
Number of updated asset objects reloaded before import = 0
Number of asset objects unloaded after import = 143
========================================================================
Received Import Request.
  Time since last request: 0,000022 seconds.
  path: Assets/Male/Animations/Strafe/Turning/TurnRight/m@RapidStrafeRightTurnRightRunBackwards.fbx
  artifactKey: Guid(04067bcdba73342fb86f31e7bf07b553) Importer(815301076,1909f56bfc062723c751e8b465ee728b)
Start importing Assets/Male/Animations/Strafe/Turning/TurnRight/m@RapidStrafeRightTurnRightRunBackwards.fbx using Guid(04067bcdba73342fb86f31e7bf07b553) Importer(815301076,1909f56bfc062723c751e8b465ee728b)  -> (artifact id: 'fe42c3c8d69957fc27a27b4dcd7aac63') in 0,006263 seconds
Number of updated asset objects reloaded before import = 0
Number of asset objects unloaded after import = 143
========================================================================
Received Import Request.
  Time since last request: 0,000023 seconds.
  path: Assets/Male/Animations/Strafe/Turning/RapidTurnRight/m@RapidStrafeRightRapidTurnRightWalkBackwards.fbx
  artifactKey: Guid(21d0ad4413d86ea4ab51f578f587d620) Importer(815301076,1909f56bfc062723c751e8b465ee728b)
Start importing Assets/Male/Animations/Strafe/Turning/RapidTurnRight/m@RapidStrafeRightRapidTurnRightWalkBackwards.fbx using Guid(21d0ad4413d86ea4ab51f578f587d620) Importer(815301076,1909f56bfc062723c751e8b465ee728b)  -> (artifact id: '78348226fd996eca3206e6dabd3e71cc') in 0,006241 seconds
Number of updated asset objects reloaded before import = 0
Number of asset objects unloaded after import = 143
========================================================================
Received Import Request.
  Time since last request: 0,000022 seconds.
  path: Assets/Male/Animations/Aerial/Jump/RunningJump/m@RunForwardsJump_Frame04.fbx
  artifactKey: Guid(b6ee60ce34abe4b4c83ffb8e05d0b3b7) Importer(815301076,1909f56bfc062723c751e8b465ee728b)
Start importing Assets/Male/Animations/Aerial/Jump/RunningJump/m@RunForwardsJump_Frame04.fbx using Guid(b6ee60ce34abe4b4c83ffb8e05d0b3b7) Importer(815301076,1909f56bfc062723c751e8b465ee728b)  -> (artifact id: 'c03cf488fc40d44cf0dfe4aa009f6aa2') in 0,005941 seconds
Number of updated asset objects reloaded before import = 0
Number of asset objects unloaded after import = 144
========================================================================
Received Import Request.
  Time since last request: 0,000023 seconds.
  path: Assets/Male/Animations/Strafe/Turning/RapidTurnRight/m@RapidStrafeRightRapidTurnRight.fbx
  artifactKey: Guid(995b7c41058d6b7498a1e8482416ce1e) Importer(815301076,1909f56bfc062723c751e8b465ee728b)
Start importing Assets/Male/Animations/Strafe/Turning/RapidTurnRight/m@RapidStrafeRightRapidTurnRight.fbx using Guid(995b7c41058d6b7498a1e8482416ce1e) Importer(815301076,1909f56bfc062723c751e8b465ee728b)  -> (artifact id: '381e2aa8b7d833958ceed3aea7e35476') in 0,005706 seconds
Number of updated asset objects reloaded before import = 0
Number of asset objects unloaded after import = 143
========================================================================
Received Import Request.
  Time since last request: 0,000033 seconds.
  path: Assets/Male/Animations/Strafe/Turning/RapidTurnRight/m@RapidStrafeRightRapidTurnRightRunBackwards.fbx
  artifactKey: Guid(65ee4da31ab94144faa60e1dc4321ad8) Importer(815301076,1909f56bfc062723c751e8b465ee728b)
Start importing Assets/Male/Animations/Strafe/Turning/RapidTurnRight/m@RapidStrafeRightRapidTurnRightRunBackwards.fbx using Guid(65ee4da31ab94144faa60e1dc4321ad8) Importer(815301076,1909f56bfc062723c751e8b465ee728b)  -> (artifact id: '6d1c2ecfced8278ea10a8be03798190f') in 0,005784 seconds
Number of updated asset objects reloaded before import = 0
Number of asset objects unloaded after import = 143
========================================================================
Received Import Request.
  Time since last request: 0,000051 seconds.
  path: Assets/Male/Animations/Strafe/Turning/TurnLeft/m@RapidStrafeRightTurnLeft.fbx
  artifactKey: Guid(0505d941083241e43bd8550b00a6e901) Importer(815301076,1909f56bfc062723c751e8b465ee728b)
Start importing Assets/Male/Animations/Strafe/Turning/TurnLeft/m@RapidStrafeRightTurnLeft.fbx using Guid(0505d941083241e43bd8550b00a6e901) Importer(815301076,1909f56bfc062723c751e8b465ee728b)  -> (artifact id: 'd2d86d2b21ce323dc2881bb2d8de881a') in 0,005403 seconds
Number of updated asset objects reloaded before import = 0
Number of asset objects unloaded after import = 143
========================================================================
Received Import Request.
  Time since last request: 0,000023 seconds.
  path: Assets/Male/Animations/Strafe/m@RapidStrafeRightWalkFowards.fbx
  artifactKey: Guid(30fb653273b05404fabf4daaedffcde5) Importer(815301076,1909f56bfc062723c751e8b465ee728b)
Start importing Assets/Male/Animations/Strafe/m@RapidStrafeRightWalkFowards.fbx using Guid(30fb653273b05404fabf4daaedffcde5) Importer(815301076,1909f56bfc062723c751e8b465ee728b)  -> (artifact id: '38961b8a4c18e1cf721eb90f4c259611') in 0,005550 seconds
Number of updated asset objects reloaded before import = 0
Number of asset objects unloaded after import = 143
========================================================================
Received Import Request.
  Time since last request: 0,000024 seconds.
  path: Assets/Male/Animations/Aerial/Jump/SprintingJump/m@SprintForwardsJump_Frame04.fbx
  artifactKey: Guid(b9709ec07d31c490cacc8a490fa9fef0) Importer(815301076,1909f56bfc062723c751e8b465ee728b)
Start importing Assets/Male/Animations/Aerial/Jump/SprintingJump/m@SprintForwardsJump_Frame04.fbx using Guid(b9709ec07d31c490cacc8a490fa9fef0) Importer(815301076,1909f56bfc062723c751e8b465ee728b)  -> (artifact id: '3e3ab3c80eb5590691d83c42b35c0f33') in 0,005844 seconds
Number of updated asset objects reloaded before import = 0
Number of asset objects unloaded after import = 144
========================================================================
Received Import Request.
  Time since last request: 0,000023 seconds.
  path: Assets/Male/Animations/Aerial/Landing/m@FallLandRoll.fbx
  artifactKey: Guid(94adbde1a3459e94bbd1d1024de71ff1) Importer(815301076,1909f56bfc062723c751e8b465ee728b)
Start importing Assets/Male/Animations/Aerial/Landing/m@FallLandRoll.fbx using Guid(94adbde1a3459e94bbd1d1024de71ff1) Importer(815301076,1909f56bfc062723c751e8b465ee728b)  -> (artifact id: '73ca71687b56b80398aca1773d6aa77e') in 0,006128 seconds
Number of updated asset objects reloaded before import = 0
Number of asset objects unloaded after import = 143
========================================================================
Received Import Request.
  Time since last request: 0,000024 seconds.
  path: Assets/UnityTechnologies/ParticlePack/Shared/Environment/Models/EndWall.fbx
  artifactKey: Guid(18f35b9d268a5e2418ed0f7628c2d86d) Importer(815301076,1909f56bfc062723c751e8b465ee728b)
Start importing Assets/UnityTechnologies/ParticlePack/Shared/Environment/Models/EndWall.fbx using Guid(18f35b9d268a5e2418ed0f7628c2d86d) Importer(815301076,1909f56bfc062723c751e8b465ee728b)  -> (artifact id: '22ecf2b7182cd050ebac24c0fcef403f') in 0,041658 seconds
Number of updated asset objects reloaded before import = 0
Number of asset objects unloaded after import = 20
========================================================================
Received Import Request.
  Time since last request: 0,000031 seconds.
  path: Assets/Male/Animations/Strafe/Turning/TurnRight/m@RapidStrafeForwardsTurnRight.fbx
  artifactKey: Guid(519ac74a9a58842de9f11bdf65da77f7) Importer(815301076,1909f56bfc062723c751e8b465ee728b)
Start importing Assets/Male/Animations/Strafe/Turning/TurnRight/m@RapidStrafeForwardsTurnRight.fbx using Guid(519ac74a9a58842de9f11bdf65da77f7) Importer(815301076,1909f56bfc062723c751e8b465ee728b)  -> (artifact id: '051e82c6af633003083860ac0aa2e1e2') in 0,007096 seconds
Number of updated asset objects reloaded before import = 0
Number of asset objects unloaded after import = 143
========================================================================
Received Import Request.
  Time since last request: 0,000025 seconds.
  path: Packages/com.unity.render-pipelines.high-definition/Runtime/RenderPipelineResources/Mesh/HumanEyeModel.fbx
  artifactKey: Guid(bc7f614d61b9b2a49a9ca3530b20da5c) Importer(815301076,1909f56bfc062723c751e8b465ee728b)
Start importing Packages/com.unity.render-pipelines.high-definition/Runtime/RenderPipelineResources/Mesh/HumanEyeModel.fbx using Guid(bc7f614d61b9b2a49a9ca3530b20da5c) Importer(815301076,1909f56bfc062723c751e8b465ee728b)  -> (artifact id: 'c1affbde2334ceb18a26b4577d41c1b3') in 0,059285 seconds
Number of updated asset objects reloaded before import = 0
Number of asset objects unloaded after import = 9
========================================================================
Received Import Request.
  Time since last request: 0,000026 seconds.
  path: Assets/Male/Animations/Strafe/m@RapidStrafeRight.fbx
  artifactKey: Guid(4eb6fc449fe1244efadf654d6bc88df6) Importer(815301076,1909f56bfc062723c751e8b465ee728b)
Start importing Assets/Male/Animations/Strafe/m@RapidStrafeRight.fbx using Guid(4eb6fc449fe1244efadf654d6bc88df6) Importer(815301076,1909f56bfc062723c751e8b465ee728b)  -> (artifact id: '531a2317c0faea814ad29e424b4538a0') in 0,006942 seconds
Number of updated asset objects reloaded before import = 0
Number of asset objects unloaded after import = 143
========================================================================
Received Import Request.
  Time since last request: 0,000025 seconds.
  path: Assets/Male/Animations/Strafe/Turning/TurnLeft/m@RapidStrafeRightTurnLeftWalkForwards.fbx
  artifactKey: Guid(c7fe2358e3f386449983a252620bd133) Importer(815301076,1909f56bfc062723c751e8b465ee728b)
Start importing Assets/Male/Animations/Strafe/Turning/TurnLeft/m@RapidStrafeRightTurnLeftWalkForwards.fbx using Guid(c7fe2358e3f386449983a252620bd133) Importer(815301076,1909f56bfc062723c751e8b465ee728b)  -> (artifact id: '9132d97d3344f401b352b368459e1f6f') in 0,005846 seconds
Number of updated asset objects reloaded before import = 0
Number of asset objects unloaded after import = 143
========================================================================
Received Import Request.
  Time since last request: 0,000020 seconds.
  path: Assets/Male/Animations/Aerial/Jump/IdleJump/m@StandingJump_Frame04.fbx
  artifactKey: Guid(274c48e7eb57746538ffbd7c4f127e4f) Importer(815301076,1909f56bfc062723c751e8b465ee728b)
Start importing Assets/Male/Animations/Aerial/Jump/IdleJump/m@StandingJump_Frame04.fbx using Guid(274c48e7eb57746538ffbd7c4f127e4f) Importer(815301076,1909f56bfc062723c751e8b465ee728b)  -> (artifact id: '97856d6b7e1047526958cff18a3bd97b') in 0,005844 seconds
Number of updated asset objects reloaded before import = 0
Number of asset objects unloaded after import = 144
========================================================================
Received Import Request.
  Time since last request: 0,000022 seconds.
  path: Assets/UnityTechnologies/ParticlePack/Shared/Environment/Models/FloorLong.fbx
  artifactKey: Guid(446cd81926e0f8f41ba901232882f7eb) Importer(815301076,1909f56bfc062723c751e8b465ee728b)
Start importing Assets/UnityTechnologies/ParticlePack/Shared/Environment/Models/FloorLong.fbx using Guid(446cd81926e0f8f41ba901232882f7eb) Importer(815301076,1909f56bfc062723c751e8b465ee728b)  -> (artifact id: '354f328f18b16d56b1d19d4748901841') in 0,038534 seconds
Number of updated asset objects reloaded before import = 0
Number of asset objects unloaded after import = 17
========================================================================
Received Import Request.
  Time since last request: 0,000045 seconds.
  path: Assets/Male/Animations/Aerial/Jump/SprintingJump/m@SprintForwardsJump_Frame03.fbx
  artifactKey: Guid(77a3812fd893546f09bb8e45fd549edd) Importer(815301076,1909f56bfc062723c751e8b465ee728b)
Start importing Assets/Male/Animations/Aerial/Jump/SprintingJump/m@SprintForwardsJump_Frame03.fbx using Guid(77a3812fd893546f09bb8e45fd549edd) Importer(815301076,1909f56bfc062723c751e8b465ee728b)  -> (artifact id: '03355ba7ccd1a0d06e9ba0917b9f29b4') in 0,007061 seconds
Number of updated asset objects reloaded before import = 0
Number of asset objects unloaded after import = 144
========================================================================
Received Import Request.
  Time since last request: 0,000049 seconds.
  path: Assets/Male/Animations/Strafe/Turning/TurnRight/m@RapidStrafeRightTurnRight.fbx
  artifactKey: Guid(5250e36abf0764761b744d36ea8af930) Importer(815301076,1909f56bfc062723c751e8b465ee728b)
Start importing Assets/Male/Animations/Strafe/Turning/TurnRight/m@RapidStrafeRightTurnRight.fbx using Guid(5250e36abf0764761b744d36ea8af930) Importer(815301076,1909f56bfc062723c751e8b465ee728b)  -> (artifact id: 'ade7e1703df68564f4b0f5778e84120a') in 0,007087 seconds
Number of updated asset objects reloaded before import = 0
Number of asset objects unloaded after import = 143
========================================================================
Received Import Request.
  Time since last request: 0,000027 seconds.
  path: Assets/Male/Animations/Aerial/Jump/IdleJump/m@StandingJump_Frame02.fbx
  artifactKey: Guid(058001cbf5d724acfbe2d118dbd2db45) Importer(815301076,1909f56bfc062723c751e8b465ee728b)
Start importing Assets/Male/Animations/Aerial/Jump/IdleJump/m@StandingJump_Frame02.fbx using Guid(058001cbf5d724acfbe2d118dbd2db45) Importer(815301076,1909f56bfc062723c751e8b465ee728b)  -> (artifact id: 'df765f7e37a7e9df1725008edb25bba7') in 0,007158 seconds
Number of updated asset objects reloaded before import = 0
Number of asset objects unloaded after import = 144
========================================================================
Received Import Request.
  Time since last request: 0,000029 seconds.
  path: Assets/Male/Animations/Strafe/Turning/TurnLeft/m@RapidStrafeRightTurnLeftRunBackwards.fbx
  artifactKey: Guid(edbab77a5b19d0b4e8681ccb1092e963) Importer(815301076,1909f56bfc062723c751e8b465ee728b)
Start importing Assets/Male/Animations/Strafe/Turning/TurnLeft/m@RapidStrafeRightTurnLeftRunBackwards.fbx using Guid(edbab77a5b19d0b4e8681ccb1092e963) Importer(815301076,1909f56bfc062723c751e8b465ee728b)  -> (artifact id: '74f12e755926507a9ad697e71e47dc40') in 0,007461 seconds
Number of updated asset objects reloaded before import = 0
Number of asset objects unloaded after import = 143
========================================================================
Received Import Request.
  Time since last request: 0,000038 seconds.
  path: Assets/Male/Animations/Strafe/Turning/TurnRight/m@RapidStrafeBackwardsTurnRight.fbx
  artifactKey: Guid(a4aa45c3581694e9a8a0695d48b66e3e) Importer(815301076,1909f56bfc062723c751e8b465ee728b)
Start importing Assets/Male/Animations/Strafe/Turning/TurnRight/m@RapidStrafeBackwardsTurnRight.fbx using Guid(a4aa45c3581694e9a8a0695d48b66e3e) Importer(815301076,1909f56bfc062723c751e8b465ee728b)  -> (artifact id: 'a41cf15a12dd7e1cc796abe39255e6c3') in 0,006951 seconds
Number of updated asset objects reloaded before import = 0
Number of asset objects unloaded after import = 143
========================================================================
Received Import Request.
  Time since last request: 0,000030 seconds.
  path: Assets/BigRookGames/_AssetPacks/Stylized Weapon Pack/Stylized Rocket Launcher/Models/Debris1.fbx
  artifactKey: Guid(6e8da3f9ac7ff634ab2590eacc5c8f48) Importer(815301076,1909f56bfc062723c751e8b465ee728b)
Start importing Assets/BigRookGames/_AssetPacks/Stylized Weapon Pack/Stylized Rocket Launcher/Models/Debris1.fbx using Guid(6e8da3f9ac7ff634ab2590eacc5c8f48) Importer(815301076,1909f56bfc062723c751e8b465ee728b)  -> (artifact id: 'daf4bd853007b9b126314c9a788f6593') in 0,024409 seconds
Number of updated asset objects reloaded before import = 0
Number of asset objects unloaded after import = 8
========================================================================
Received Import Request.
  Time since last request: 0,000027 seconds.
  path: Assets/Male/Animations/Aerial/Jump/RunningJump/m@RunForwardsJump_Frame03.fbx
  artifactKey: Guid(4eafe61eccc3d45238033005a3e0b5ff) Importer(815301076,1909f56bfc062723c751e8b465ee728b)
Start importing Assets/Male/Animations/Aerial/Jump/RunningJump/m@RunForwardsJump_Frame03.fbx using Guid(4eafe61eccc3d45238033005a3e0b5ff) Importer(815301076,1909f56bfc062723c751e8b465ee728b)  -> (artifact id: '9964cbd924d68549832448d31c87ccbd') in 0,007401 seconds
Number of updated asset objects reloaded before import = 0
Number of asset objects unloaded after import = 144
========================================================================
Received Import Request.
  Time since last request: 0,000029 seconds.
  path: Assets/UnityTechnologies/ParticlePack/EffectExamples/Magic Effects/Models/IceShard.FBX
  artifactKey: Guid(a7ca52bcb825d7044a8afdfd569507c9) Importer(815301076,1909f56bfc062723c751e8b465ee728b)
Start importing Assets/UnityTechnologies/ParticlePack/EffectExamples/Magic Effects/Models/IceShard.FBX using Guid(a7ca52bcb825d7044a8afdfd569507c9) Importer(815301076,1909f56bfc062723c751e8b465ee728b)  -> (artifact id: '25de5a645bfd129bf8cb2ff1a42d0401') in 0,411397 seconds
Number of updated asset objects reloaded before import = 0
Number of asset objects unloaded after import = 24
========================================================================
Received Import Request.
  Time since last request: 0,000042 seconds.
  path: Assets/Male/Animations/Aerial/Jump/RunningJump/m@RunForwardsJump_Frame02.fbx
  artifactKey: Guid(b5fe4d622d20f4a1ba07b37e3a032e84) Importer(815301076,1909f56bfc062723c751e8b465ee728b)
Start importing Assets/Male/Animations/Aerial/Jump/RunningJump/m@RunForwardsJump_Frame02.fbx using Guid(b5fe4d622d20f4a1ba07b37e3a032e84) Importer(815301076,1909f56bfc062723c751e8b465ee728b)  -> (artifact id: '9d2a3375b650fb1dc72dd381c4382d00') in 0,007358 seconds
Number of updated asset objects reloaded before import = 0
Number of asset objects unloaded after import = 144
========================================================================
Received Import Request.
  Time since last request: 0,000052 seconds.
  path: Assets/Male/Animations/Exploration/Turning/m@RapidTurningLeftSprintForwards.fbx
  artifactKey: Guid(bc7c28e9430d0564a953ce9ec1be418e) Importer(815301076,1909f56bfc062723c751e8b465ee728b)
Start importing Assets/Male/Animations/Exploration/Turning/m@RapidTurningLeftSprintForwards.fbx using Guid(bc7c28e9430d0564a953ce9ec1be418e) Importer(815301076,1909f56bfc062723c751e8b465ee728b)  -> (artifact id: '856f69dde954b6824a49d3cb3f9594b4') in 0,007320 seconds
Number of updated asset objects reloaded before import = 0
Number of asset objects unloaded after import = 144
========================================================================
Received Import Request.
  Time since last request: 0,000037 seconds.
  path: Assets/Male/Animations/Aerial/m@Falling.fbx
  artifactKey: Guid(b2e335125ba714f65bdbc46186251274) Importer(815301076,1909f56bfc062723c751e8b465ee728b)
Start importing Assets/Male/Animations/Aerial/m@Falling.fbx using Guid(b2e335125ba714f65bdbc46186251274) Importer(815301076,1909f56bfc062723c751e8b465ee728b)  -> (artifact id: 'dc484e4d0f7a12c51b07bf1b0dd4e2db') in 0,007147 seconds
Number of updated asset objects reloaded before import = 0
Number of asset objects unloaded after import = 144
========================================================================
Received Import Request.
  Time since last request: 0,000030 seconds.
  path: Packages/com.unity.render-pipelines.high-definition/Runtime/RenderPipelineResources/Mesh/Disc.fbx
  artifactKey: Guid(aa0197e8182e0924897ca6c14966b2d0) Importer(815301076,1909f56bfc062723c751e8b465ee728b)
Start importing Packages/com.unity.render-pipelines.high-definition/Runtime/RenderPipelineResources/Mesh/Disc.fbx using Guid(aa0197e8182e0924897ca6c14966b2d0) Importer(815301076,1909f56bfc062723c751e8b465ee728b)  -> (artifact id: 'fad9366569b4204f28cc7feb0800dce0') in 0,063617 seconds
Number of updated asset objects reloaded before import = 0
Number of asset objects unloaded after import = 8
========================================================================
Received Import Request.
  Time since last request: 0,000055 seconds.
  path: Assets/UnityTechnologies/ParticlePack/Shared/Environment/Models/LongOverhangWall.fbx
  artifactKey: Guid(8e725cb41275efd4b90ded8d12a97e28) Importer(815301076,1909f56bfc062723c751e8b465ee728b)
Start importing Assets/UnityTechnologies/ParticlePack/Shared/Environment/Models/LongOverhangWall.fbx using Guid(8e725cb41275efd4b90ded8d12a97e28) Importer(815301076,1909f56bfc062723c751e8b465ee728b)  -> (artifact id: '7d689f91b5926c7e34d93b294eec8d73') in 0,071593 seconds
Number of updated asset objects reloaded before import = 0
Number of asset objects unloaded after import = 25
========================================================================
Received Import Request.
  Time since last request: 0,000043 seconds.
  path: Assets/UnityTechnologies/ParticlePack/Shared/Environment/Models/FloorShort.fbx
  artifactKey: Guid(10c6e964dc4450b43b3e447521e02e7d) Importer(815301076,1909f56bfc062723c751e8b465ee728b)
Start importing Assets/UnityTechnologies/ParticlePack/Shared/Environment/Models/FloorShort.fbx using Guid(10c6e964dc4450b43b3e447521e02e7d) Importer(815301076,1909f56bfc062723c751e8b465ee728b)  -> (artifact id: 'abf064cb459a10127de0adde9538ef38') in 0,099289 seconds
Number of updated asset objects reloaded before import = 0
Number of asset objects unloaded after import = 17
========================================================================
Received Import Request.
  Time since last request: 0,000061 seconds.
  path: Assets/Male/Animations/Strafe/Turning/TurnLeft/m@RapidStrafeRightTurnLeftWalkBackwards.fbx
  artifactKey: Guid(f44631e96d71f424cbe25c3df4f7852a) Importer(815301076,1909f56bfc062723c751e8b465ee728b)
Start importing Assets/Male/Animations/Strafe/Turning/TurnLeft/m@RapidStrafeRightTurnLeftWalkBackwards.fbx using Guid(f44631e96d71f424cbe25c3df4f7852a) Importer(815301076,1909f56bfc062723c751e8b465ee728b)  -> (artifact id: 'de94f82417f3c83518e5b1c858a3ea95') in 0,009171 seconds
Number of updated asset objects reloaded before import = 0
Number of asset objects unloaded after import = 143
========================================================================
Received Import Request.
  Time since last request: 0,000060 seconds.
  path: Assets/Male/Animations/Exploration/Turning/m@IdleLeftTurn180.fbx
  artifactKey: Guid(9956fa61c80270048ab0f59f8054c7e3) Importer(815301076,1909f56bfc062723c751e8b465ee728b)
Start importing Assets/Male/Animations/Exploration/Turning/m@IdleLeftTurn180.fbx using Guid(9956fa61c80270048ab0f59f8054c7e3) Importer(815301076,1909f56bfc062723c751e8b465ee728b)  -> (artifact id: '5767d7f2ba7e7899a3ffe7cf34b14faa') in 0,008372 seconds
Number of updated asset objects reloaded before import = 0
Number of asset objects unloaded after import = 144
========================================================================
Received Import Request.
  Time since last request: 0,000024 seconds.
  path: Assets/Male/Animations/Strafe/Turning/RapidTurnLeft/m@RapidStrafeRightRapidTurnLeftWalkForwards.fbx
  artifactKey: Guid(23bfa9f13f7b75f45a0771a497cbb48e) Importer(815301076,1909f56bfc062723c751e8b465ee728b)
Start importing Assets/Male/Animations/Strafe/Turning/RapidTurnLeft/m@RapidStrafeRightRapidTurnLeftWalkForwards.fbx using Guid(23bfa9f13f7b75f45a0771a497cbb48e) Importer(815301076,1909f56bfc062723c751e8b465ee728b)  -> (artifact id: 'a9061bc738438d0c5fb4faa7cbcd4dfe') in 0,006761 seconds
Number of updated asset objects reloaded before import = 0
Number of asset objects unloaded after import = 143
========================================================================
Received Import Request.
  Time since last request: 0,000022 seconds.
  path: Packages/com.unity.render-pipelines.core/Editor/Resources/DebugProbe.fbx
  artifactKey: Guid(9e1c97fc44f9a8744b61b58f72c56de4) Importer(815301076,1909f56bfc062723c751e8b465ee728b)
Start importing Packages/com.unity.render-pipelines.core/Editor/Resources/DebugProbe.fbx using Guid(9e1c97fc44f9a8744b61b58f72c56de4) Importer(815301076,1909f56bfc062723c751e8b465ee728b)  -> (artifact id: '28997cd945afdf131e6755f790962115') in 0,046037 seconds
Number of updated asset objects reloaded before import = 0
Number of asset objects unloaded after import = 7
========================================================================
Received Import Request.
  Time since last request: 0,000024 seconds.
  path: Assets/Male/Rig/defaultmale_rig.fbx
  artifactKey: Guid(20d97ea0953936148b25caa82b5e14f9) Importer(815301076,1909f56bfc062723c751e8b465ee728b)
Start importing Assets/Male/Rig/defaultmale_rig.fbx using Guid(20d97ea0953936148b25caa82b5e14f9) Importer(815301076,1909f56bfc062723c751e8b465ee728b)  -> (artifact id: '81613385c2b66ed63645e7a53e86b01a') in 0,039620 seconds
Number of updated asset objects reloaded before import = 0
Number of asset objects unloaded after import = 148
========================================================================
Received Import Request.
  Time since last request: 0,000024 seconds.
  path: Assets/UnityTechnologies/ParticlePack/Shared/Environment/Models/FloorMiddle.fbx
  artifactKey: Guid(feea4d173b1eac64087516ae6fde538a) Importer(815301076,1909f56bfc062723c751e8b465ee728b)
Start importing Assets/UnityTechnologies/ParticlePack/Shared/Environment/Models/FloorMiddle.fbx using Guid(feea4d173b1eac64087516ae6fde538a) Importer(815301076,1909f56bfc062723c751e8b465ee728b)  -> (artifact id: '8e4a2a5ae0ad984c44d3e84c899a1b14') in 0,039142 seconds
Number of updated asset objects reloaded before import = 0
Number of asset objects unloaded after import = 12
========================================================================
Received Import Request.
  Time since last request: 0,000028 seconds.
  path: Assets/Male/Animations/Strafe/Turning/TurnRight/m@RapidStrafeRightTurnRightRunForwards.fbx
  artifactKey: Guid(3b3305c0291c64fddae071ad96463257) Importer(815301076,1909f56bfc062723c751e8b465ee728b)
Start importing Assets/Male/Animations/Strafe/Turning/TurnRight/m@RapidStrafeRightTurnRightRunForwards.fbx using Guid(3b3305c0291c64fddae071ad96463257) Importer(815301076,1909f56bfc062723c751e8b465ee728b)  -> (artifact id: '0abeebd965d30b66a83e012703e1ff2a') in 0,007235 seconds
Number of updated asset objects reloaded before import = 0
Number of asset objects unloaded after import = 143
========================================================================
Received Import Request.
  Time since last request: 0,000026 seconds.
  path: Assets/Male/Animations/Aerial/Landing/m@FallLand.fbx
  artifactKey: Guid(27c8c0d990291ad4b99df19c3a7fa74c) Importer(815301076,1909f56bfc062723c751e8b465ee728b)
Start importing Assets/Male/Animations/Aerial/Landing/m@FallLand.fbx using Guid(27c8c0d990291ad4b99df19c3a7fa74c) Importer(815301076,1909f56bfc062723c751e8b465ee728b)  -> (artifact id: 'f4628eb027097d5d87b5468aa9586702') in 0,007814 seconds
Number of updated asset objects reloaded before import = 0
Number of asset objects unloaded after import = 143
========================================================================
Received Import Request.
  Time since last request: 0,000029 seconds.
  path: Assets/UnityTechnologies/ParticlePack/EffectExamples/Misc Effects/Models/FireFly.fbx
  artifactKey: Guid(dc6b02b1d8deafa448e0985c40c217ae) Importer(815301076,1909f56bfc062723c751e8b465ee728b)
Start importing Assets/UnityTechnologies/ParticlePack/EffectExamples/Misc Effects/Models/FireFly.fbx using Guid(dc6b02b1d8deafa448e0985c40c217ae) Importer(815301076,1909f56bfc062723c751e8b465ee728b)  -> (artifact id: '9c06a3b2658467a8f031e66429a2d4f3') in 0,019571 seconds
Number of updated asset objects reloaded before import = 0
Number of asset objects unloaded after import = 7
========================================================================
Received Import Request.
  Time since last request: 0,000029 seconds.
  path: Assets/Male/Animations/Exploration/Turning/m@RunForwardTurnLeft180.fbx
  artifactKey: Guid(f1dc5f89196240f4e9011601e5b3f7ba) Importer(815301076,1909f56bfc062723c751e8b465ee728b)
Start importing Assets/Male/Animations/Exploration/Turning/m@RunForwardTurnLeft180.fbx using Guid(f1dc5f89196240f4e9011601e5b3f7ba) Importer(815301076,1909f56bfc062723c751e8b465ee728b)  -> (artifact id: 'c45e6eae01ff4de712a9d3874e5d7c20') in 0,009140 seconds
Number of updated asset objects reloaded before import = 0
Number of asset objects unloaded after import = 144
========================================================================
Received Import Request.
  Time since last request: 0,000042 seconds.
  path: Assets/UnityTechnologies/ParticlePack/Shared/Environment/Models/FloorTiny.fbx
  artifactKey: Guid(9446cfbf8049f8840a94568ebfd2ea85) Importer(815301076,1909f56bfc062723c751e8b465ee728b)
Start importing Assets/UnityTechnologies/ParticlePack/Shared/Environment/Models/FloorTiny.fbx using Guid(9446cfbf8049f8840a94568ebfd2ea85) Importer(815301076,1909f56bfc062723c751e8b465ee728b)  -> (artifact id: 'd1f2ae65da4263692c16794ca2d67cee') in 0,035615 seconds
Number of updated asset objects reloaded before import = 0
Number of asset objects unloaded after import = 12
========================================================================
Received Import Request.
  Time since last request: 0,000055 seconds.
  path: Assets/UnityTechnologies/ParticlePack/EffectExamples/Misc Effects/Models/Flakes.fbx
  artifactKey: Guid(dc789956fe23a1941adff98b407addf0) Importer(815301076,1909f56bfc062723c751e8b465ee728b)
Start importing Assets/UnityTechnologies/ParticlePack/EffectExamples/Misc Effects/Models/Flakes.fbx using Guid(dc789956fe23a1941adff98b407addf0) Importer(815301076,1909f56bfc062723c751e8b465ee728b)  -> (artifact id: '1c88b4f6362d9a1253ede72d2c04f794') in 0,082074 seconds
Number of updated asset objects reloaded before import = 0
Number of asset objects unloaded after import = 19
========================================================================
Received Import Request.
  Time since last request: 0,000026 seconds.
  path: Assets/Male/Animations/Strafe/m@RapidStrafeRightWalkBackwards.fbx
  artifactKey: Guid(1ff13555defc64af1b155b3e5aae27ea) Importer(815301076,1909f56bfc062723c751e8b465ee728b)
Start importing Assets/Male/Animations/Strafe/m@RapidStrafeRightWalkBackwards.fbx using Guid(1ff13555defc64af1b155b3e5aae27ea) Importer(815301076,1909f56bfc062723c751e8b465ee728b)  -> (artifact id: '9b2d404c9a750205b3cc3364d7d4fcbf') in 0,007138 seconds
Number of updated asset objects reloaded before import = 0
Number of asset objects unloaded after import = 143
========================================================================
Received Import Request.
  Time since last request: 0,000025 seconds.
  path: Assets/Male/Animations/Strafe/Turning/RapidTurnRight/m@RapidStrafeRightRapidTurnRightWalkForwards.fbx
  artifactKey: Guid(cc6a5d4355582c34b858cd5b4f6bf8e0) Importer(815301076,1909f56bfc062723c751e8b465ee728b)
Start importing Assets/Male/Animations/Strafe/Turning/RapidTurnRight/m@RapidStrafeRightRapidTurnRightWalkForwards.fbx using Guid(cc6a5d4355582c34b858cd5b4f6bf8e0) Importer(815301076,1909f56bfc062723c751e8b465ee728b)  -> (artifact id: 'ef4321b1665329f38062afd661e0312b') in 0,007600 seconds
Number of updated asset objects reloaded before import = 0
Number of asset objects unloaded after import = 143
========================================================================
Received Import Request.
  Time since last request: 0,000031 seconds.
  path: Assets/Male/Animations/Exploration/m@RunForwards.fbx
  artifactKey: Guid(5603ba2736827934f814315bda037898) Importer(815301076,1909f56bfc062723c751e8b465ee728b)
Start importing Assets/Male/Animations/Exploration/m@RunForwards.fbx using Guid(5603ba2736827934f814315bda037898) Importer(815301076,1909f56bfc062723c751e8b465ee728b)  -> (artifact id: '2514c3470697e00fd66c34d46e05ae14') in 0,007273 seconds
Number of updated asset objects reloaded before import = 0
Number of asset objects unloaded after import = 143
========================================================================
Received Import Request.
  Time since last request: 0,000034 seconds.
  path: Assets/Male/Animations/Strafe/Turning/RapidTurnLeft/m@RapidStrafeRightRapidTurnLeftWalkBackwards.fbx
  artifactKey: Guid(4f5942a4f54a3334093ee3d556e5d5ab) Importer(815301076,1909f56bfc062723c751e8b465ee728b)
Start importing Assets/Male/Animations/Strafe/Turning/RapidTurnLeft/m@RapidStrafeRightRapidTurnLeftWalkBackwards.fbx using Guid(4f5942a4f54a3334093ee3d556e5d5ab) Importer(815301076,1909f56bfc062723c751e8b465ee728b)  -> (artifact id: 'bbbe3445ec567f98f51ac6c864dbba69') in 0,008166 seconds
Number of updated asset objects reloaded before import = 0
Number of asset objects unloaded after import = 143
========================================================================
Received Import Request.
  Time since last request: 0,000023 seconds.
  path: Assets/UnityTechnologies/ParticlePack/EffectExamples/Magic Effects/Models/IceLance.FBX
  artifactKey: Guid(735d1d1e5a1d1934589aa44da6a7ea75) Importer(815301076,1909f56bfc062723c751e8b465ee728b)
Start importing Assets/UnityTechnologies/ParticlePack/EffectExamples/Magic Effects/Models/IceLance.FBX using Guid(735d1d1e5a1d1934589aa44da6a7ea75) Importer(815301076,1909f56bfc062723c751e8b465ee728b)  -> (artifact id: 'f78dfe895cb8e4105d73419754e1082f') in 0,023654 seconds
Number of updated asset objects reloaded before import = 0
Number of asset objects unloaded after import = 12
========================================================================
Received Import Request.
  Time since last request: 0,001231 seconds.
  path: Assets/Male/Animations/Aerial/Jump/SprintingJump/m@SprintForwardsJump_Frame02.fbx
  artifactKey: Guid(e88d9970a865a4f868ac45db7e1db665) Importer(815301076,1909f56bfc062723c751e8b465ee728b)
Start importing Assets/Male/Animations/Aerial/Jump/SprintingJump/m@SprintForwardsJump_Frame02.fbx using Guid(e88d9970a865a4f868ac45db7e1db665) Importer(815301076,1909f56bfc062723c751e8b465ee728b)  -> (artifact id: 'c09b0dd06806a512e43505063bccbc75') in 0,008721 seconds
Number of updated asset objects reloaded before import = 0
Number of asset objects unloaded after import = 144
========================================================================
Received Import Request.
  Time since last request: 0,397138 seconds.
  path: Assets/UnityTechnologies
  artifactKey: Guid(ef7fc5541daec46bca80267c6c95c646) Importer(815301076,1909f56bfc062723c751e8b465ee728b)
Start importing Assets/UnityTechnologies using Guid(ef7fc5541daec46bca80267c6c95c646) Importer(815301076,1909f56bfc062723c751e8b465ee728b)  -> (artifact id: '0e6ef4d1a03e18896b35e877dd5e89fc') in 0,001444 seconds
Number of updated asset objects reloaded before import = 0
Number of asset objects unloaded after import = 0
========================================================================
Received Import Request.
  Time since last request: 5,608448 seconds.
  path: Assets/ProgressBar
  artifactKey: Guid(296d32048b99d254aa0125e7c8388df6) Importer(815301076,1909f56bfc062723c751e8b465ee728b)
Start importing Assets/ProgressBar using Guid(296d32048b99d254aa0125e7c8388df6) Importer(815301076,1909f56bfc062723c751e8b465ee728b)  -> (artifact id: 'c70532d7f5bfaf1c9251fde22859730d') in 0,015027 seconds
Number of updated asset objects reloaded before import = 0
Number of asset objects unloaded after import = 0
========================================================================
Received Import Request.
  Time since last request: 0,000255 seconds.
  path: Assets/ProgressBar/UI ProgressBar.prefab
  artifactKey: Guid(5eefba205a58c8c4a937c97b87c185a3) Importer(815301076,1909f56bfc062723c751e8b465ee728b)
Start importing Assets/ProgressBar/UI ProgressBar.prefab using Guid(5eefba205a58c8c4a937c97b87c185a3) Importer(815301076,1909f56bfc062723c751e8b465ee728b)  -> (artifact id: '8fa9e28411e4c20560714a393c245185') in 0,036319 seconds
Number of updated asset objects reloaded before import = 0
Number of asset objects unloaded after import = 22
========================================================================
Received Import Request.
  Time since last request: 0,000733 seconds.
  path: Assets/ProgressBar/UI ProgressBarCircle.prefab
  artifactKey: Guid(24d5ab3d18c91fc41a2213a537e21ee7) Importer(815301076,1909f56bfc062723c751e8b465ee728b)
Start importing Assets/ProgressBar/UI ProgressBarCircle.prefab using Guid(24d5ab3d18c91fc41a2213a537e21ee7) Importer(815301076,1909f56bfc062723c751e8b465ee728b)  -> (artifact id: 'd37482f7861cf9303bd9018e7d2ef2bb') in 0,007843 seconds
Number of updated asset objects reloaded before import = 0
Number of asset objects unloaded after import = 24
========================================================================
Received Import Request.
  Time since last request: 1,584195 seconds.
  path: Assets/ProgressBar/How to use this asset.pdf
  artifactKey: Guid(38ea45d6cfa8ab04da74a454ff0706aa) Importer(815301076,1909f56bfc062723c751e8b465ee728b)
Start importing Assets/ProgressBar/How to use this asset.pdf using Guid(38ea45d6cfa8ab04da74a454ff0706aa) Importer(815301076,1909f56bfc062723c751e8b465ee728b)  -> (artifact id: '09c44299ff6c1696b235025f2ccbf5ce') in 0,052316 seconds
Number of updated asset objects reloaded before import = 0
Number of asset objects unloaded after import = 1
Editor requested this worker to shutdown with reason: Scaling down because of idle timeout
TcpMessagingSession - receive error
AssetImportWorkerClient::OnTransportError - code=2 error=End of file
AssetImportWorker is now disconnected from the server
Process exiting
Thread: ID 136255797793728, CleanupSafetyData: safetyData 7bebf01145c0
Thread: ID 136255797793728, CleanupSafetyData: safetyData 7bebf0117650
Thread: ID 136255797793728, CleanupSafetyData: safetyData 7bebf1732930
Assertion failed on expression: 'm_PodArrays.empty()'
